<?xml version="1.0" encoding="UTF-8"?>
<!-- Generated by org.testng.reporters.JUnitReportReporter -->
<testsuite hostname="LAPTOP-N6R24P62" failures="0" tests="1" name="Test.Testclass" time="0.007" errors="0" timestamp="2022-03-18T17:33:27 IST" skipped="0">
  <testcase classname="Test.Testclass" name="validation" time="0.007"/>
  <system-out/>
</testsuite> <!-- Test.Testclass -->
